0   NAME 0 0
3   PUSHMT
4   SETD 0
6   PUSH -32768
8   PUSH 10
10   PUSH 2
12   DUP
13   PUSH 0
15   LT
16   PUSH 24
18   BF
19   PUSH 3
21   PUSH 175
23   BR
24   PUSH -32768
26   FLIP
27   PUSHMT
28   NAME 0 1
31   FLIP
32   STORE
33   PUSH -32768
35   NAME 0 2
38   LOAD
39   DUP
40   NAME 0 0
43   PUSH 0
45   STORE
46   NAME 0 1
49   LOAD
50   NAME 0 0
53   LOAD
54   PUSH 3
56   DUP
57   PUSH 0
59   LT
60   PUSH 66
62   BF
63   PUSH 77
65   BR
66   NAME 0 2
69   LOAD
70   LT
71   PUSH 0
73   EQ
74   PUSH 82
76   BF
77   PUSH 7
79   PUSH 175
81   BR
82   ADD
83   NAME 0 0
86   LOAD
87   PUSH 2
89   MUL
90   STORE
91   NAME 0 1
94   LOAD
95   NAME 0 0
98   LOAD
99   PUSH 3
101   DUP
102   PUSH 0
104   LT
105   PUSH 111
107   BF
108   PUSH 122
110   BR
111   NAME 0 2
114   LOAD
115   LT
116   PUSH 0
118   EQ
119   PUSH 127
121   BF
122   PUSH 8
124   PUSH 175
126   BR
127   ADD
128   LOAD
129   PRINTI
130   PUSH 10
132   PUSH 13
134   PRINTC
135   PRINTC
136   NAME 0 0
139   NAME 0 0
142   LOAD
143   PUSH 1
145   ADD
146   STORE
147   NAME 0 0
150   LOAD
151   PUSH 10
153   LT
154   PUSH 0
156   EQ
157   PUSH 0
159   EQ
160   PUSH 166
162   BF
163   PUSH 46
165   BR
166   PUSHMT
167   NAME 0 0
170   SUB
171   POP
172   SETD 0
174   HALT
175   PUSH 260
177   PUSH 32
179   PUSH 101
181   PUSH 110
183   PUSH 105
185   PUSH 108
187   PUSH 32
189   PUSH 110
191   PUSH 111
193   PUSH 32
195   PUSH 101
197   PUSH 103
199   PUSH 110
201   PUSH 97
203   PUSH 114
205   PUSH 32
207   PUSH 102
209   PUSH 111
211   PUSH 32
213   PUSH 116
215   PUSH 117
217   PUSH 111
219   PUSH 32
221   PUSH 116
223   PUSH 112
225   PUSH 105
227   PUSH 114
229   PUSH 99
231   PUSH 115
233   PUSH 98
235   PUSH 117
237   PUSH 115
239   PUSH 32
241   PUSH 45
243   PUSH 32
245   PUSH 114
247   PUSH 111
249   PUSH 114
251   PUSH 114
253   PUSH 69
255   PUSH 39
257   PUSH 262
259   BR
260   PRINTI
261   HALT
262   FLIP
263   PRINTC
264   PUSH 1
266   SUB
267   PUSH 2
269   DUP
270   PUSH 0
272   EQ
273   PUSH 262
275   BF
276   PUSH 1
278   POP
279   BR
