0   NAME 0 0
3   PUSHMT
4   SETD 0
6   PUSH -32768
8   PUSH 35
10   BR
11   PUSH -32768
13   NAME 1 0
16   PUSHMT
17   SETD 1
19   PUSH 1
21   STORE
22   NAME 1 -2
25   FLIP
26   STORE
27   PUSHMT
28   NAME 1 0
31   SUB
32   POP
33   SETD 1
35   PUSH 48
37   PUSH 33
39   PUSH 107
41   PUSH 79
43   PUSH 3
45   PUSH 63
47   BR
48   PUSH 10
50   PUSH 13
52   PRINTC
53   PRINTC
54   PUSHMT
55   NAME 0 0
58   SUB
59   POP
60   SETD 0
62   HALT
63   FLIP
64   PRINTC
65   PUSH 1
67   SUB
68   PUSH 2
70   DUP
71   PUSH 0
73   EQ
74   PUSH 63
76   BF
77   PUSH 1
79   POP
80   BR
