0   NAME 0 0
3   PUSHMT
4   SETD 0
6   PUSH -32768
8   PUSH -32768
10   PUSH -32768
12   NAME 0 0
15   READI
16   STORE
17   NAME 0 1
20   PUSH 0
22   STORE
23   NAME 0 0
26   LOAD
27   NAME 0 1
30   LOAD
31   FLIP
32   LT
33   PUSH 45
35   BF
36   NAME 0 2
39   PUSH 1
41   STORE
42   PUSH 51
44   BR
45   NAME 0 2
48   PUSH 0
50   STORE
51   NAME 1 0
54   PUSHMT
55   SETD 1
57   PUSH -32768
59   NAME 1 0
62   PUSH 5
64   STORE
65   NAME 0 2
68   LOAD
69   PUSH 115
71   BF
72   NAME 0 1
75   LOAD
76   PRINTI
77   PUSH 10
79   PUSH 13
81   PRINTC
82   PRINTC
83   NAME 0 1
86   NAME 0 1
89   LOAD
90   PUSH 1
92   ADD
93   STORE
94   NAME 0 1
97   LOAD
98   NAME 1 0
101   LOAD
102   LT
103   PUSH 0
105   EQ
106   PUSH 0
108   EQ
109   PUSH 115
111   BF
112   PUSH 72
114   BR
115   PUSHMT
116   NAME 1 0
119   SUB
120   POP
121   SETD 1
123   PUSHMT
124   NAME 0 0
127   SUB
128   POP
129   SETD 0
131   HALT
